This is pdfTeX, Version 3.141592653-2.6-1.40.24 (MiKTeX 23.1) (preloaded format=pdflatex 2023.3.6)  9 MAR 2023 18:49
entering extended mode
 restricted \write18 enabled.
 %&-line parsing enabled.
**./main.tex
(main.tex
LaTeX2e <2022-11-01> patch level 1
L3 programming layer <2023-02-07>
(C:\Users\Fredi Mino\Documents\software-installs\miktex\tex/latex/base\article.
cls
Document Class: article 2022/07/02 v1.4n Standard LaTeX document class

(C:\Users\Fredi Mino\Documents\software-installs\miktex\tex/latex/base\size12.c
lo
File: size12.clo 2022/07/02 v1.4n Standard LaTeX file (size option)
)
\c@part=\count185
\c@section=\count186
\c@subsection=\count187
\c@subsubsection=\count188
\c@paragraph=\count189
\c@subparagraph=\count190
\c@figure=\count191
\c@table=\count192
\abovecaptionskip=\skip48
\belowcaptionskip=\skip49
\bibindent=\dimen140
)
(C:\Users\Fredi Mino\Documents\software-installs\miktex\tex/latex/base\inputenc
.sty
Package: inputenc 2021/02/14 v1.3d Input encoding file
\inpenc@prehook=\toks16
\inpenc@posthook=\toks17
)
(C:\Users\Fredi Mino\Documents\software-installs\miktex\tex/latex/geometry\geom
etry.sty
Package: geometry 2020/01/02 v5.9 Page Geometry

(C:\Users\Fredi Mino\Documents\software-installs\miktex\tex/latex/graphics\keyv
al.sty
Package: keyval 2022/05/29 v1.15 key=value parser (DPC)
\KV@toks@=\toks18
)
(C:\Users\Fredi Mino\Documents\software-installs\miktex\tex/generic/iftex\ifvte
x.sty
Package: ifvtex 2019/10/25 v1.7 ifvtex legacy package. Use iftex instead.

(C:\Users\Fredi Mino\Documents\software-installs\miktex\tex/generic/iftex\iftex
.sty
Package: iftex 2022/02/03 v1.0f TeX engine tests
))
\Gm@cnth=\count193
\Gm@cntv=\count194
\c@Gm@tempcnt=\count195
\Gm@bindingoffset=\dimen141
\Gm@wd@mp=\dimen142
\Gm@odd@mp=\dimen143
\Gm@even@mp=\dimen144
\Gm@layoutwidth=\dimen145
\Gm@layoutheight=\dimen146
\Gm@layouthoffset=\dimen147
\Gm@layoutvoffset=\dimen148
\Gm@dimlist=\toks19

(C:\Users\Fredi Mino\Documents\software-installs\miktex\tex/latex/geometry\geom
etry.cfg))
(C:\Users\Fredi Mino\Documents\software-installs\miktex\tex/latex/amsmath\amsma
th.sty
Package: amsmath 2022/04/08 v2.17n AMS math features
\@mathmargin=\skip50

For additional information on amsmath, use the `?' option.

(C:\Users\Fredi Mino\Documents\software-installs\miktex\tex/latex/amsmath\amste
xt.sty
Package: amstext 2021/08/26 v2.01 AMS text

(C:\Users\Fredi Mino\Documents\software-installs\miktex\tex/latex/amsmath\amsge
n.sty
File: amsgen.sty 1999/11/30 v2.0 generic functions
\@emptytoks=\toks20
\ex@=\dimen149
))
(C:\Users\Fredi Mino\Documents\software-installs\miktex\tex/latex/amsmath\amsbs
y.sty
Package: amsbsy 1999/11/29 v1.2d Bold Symbols
\pmbraise@=\dimen150
)
(C:\Users\Fredi Mino\Documents\software-installs\miktex\tex/latex/amsmath\amsop
n.sty
Package: amsopn 2022/04/08 v2.04 operator names
)
\inf@bad=\count196
LaTeX Info: Redefining \frac on input line 234.
\uproot@=\count197
\leftroot@=\count198
LaTeX Info: Redefining \overline on input line 399.
LaTeX Info: Redefining \colon on input line 410.
\classnum@=\count199
\DOTSCASE@=\count266
LaTeX Info: Redefining \ldots on input line 496.
LaTeX Info: Redefining \dots on input line 499.
LaTeX Info: Redefining \cdots on input line 620.
\Mathstrutbox@=\box51
\strutbox@=\box52
LaTeX Info: Redefining \big on input line 722.
LaTeX Info: Redefining \Big on input line 723.
LaTeX Info: Redefining \bigg on input line 724.
LaTeX Info: Redefining \Bigg on input line 725.
\big@size=\dimen151
LaTeX Font Info:    Redeclaring font encoding OML on input line 743.
LaTeX Font Info:    Redeclaring font encoding OMS on input line 744.
\macc@depth=\count267
LaTeX Info: Redefining \bmod on input line 905.
LaTeX Info: Redefining \pmod on input line 910.
LaTeX Info: Redefining \smash on input line 940.
LaTeX Info: Redefining \relbar on input line 970.
LaTeX Info: Redefining \Relbar on input line 971.
\c@MaxMatrixCols=\count268
\dotsspace@=\muskip16
\c@parentequation=\count269
\dspbrk@lvl=\count270
\tag@help=\toks21
\row@=\count271
\column@=\count272
\maxfields@=\count273
\andhelp@=\toks22
\eqnshift@=\dimen152
\alignsep@=\dimen153
\tagshift@=\dimen154
\tagwidth@=\dimen155
\totwidth@=\dimen156
\lineht@=\dimen157
\@envbody=\toks23
\multlinegap=\skip51
\multlinetaggap=\skip52
\mathdisplay@stack=\toks24
LaTeX Info: Redefining \[ on input line 2953.
LaTeX Info: Redefining \] on input line 2954.
)
(C:\Users\Fredi Mino\Documents\software-installs\miktex\tex/latex/amsfonts\amss
ymb.sty
Package: amssymb 2013/01/14 v3.01 AMS font symbols

(C:\Users\Fredi Mino\Documents\software-installs\miktex\tex/latex/amsfonts\amsf
onts.sty
Package: amsfonts 2013/01/14 v3.01 Basic AMSFonts support
\symAMSa=\mathgroup4
\symAMSb=\mathgroup5
LaTeX Font Info:    Redeclaring math symbol \hbar on input line 98.
LaTeX Font Info:    Overwriting math alphabet `\mathfrak' in version `bold'
(Font)                  U/euf/m/n --> U/euf/b/n on input line 106.
))
(C:\Users\Fredi Mino\Documents\software-installs\miktex\tex/latex/graphics\grap
hicx.sty
Package: graphicx 2021/09/16 v1.2d Enhanced LaTeX Graphics (DPC,SPQR)

(C:\Users\Fredi Mino\Documents\software-installs\miktex\tex/latex/graphics\grap
hics.sty
Package: graphics 2022/03/10 v1.4e Standard LaTeX Graphics (DPC,SPQR)

(C:\Users\Fredi Mino\Documents\software-installs\miktex\tex/latex/graphics\trig
.sty
Package: trig 2021/08/11 v1.11 sin cos tan (DPC)
)
(C:\Users\Fredi Mino\Documents\software-installs\miktex\tex/latex/graphics-cfg\
graphics.cfg
File: graphics.cfg 2016/06/04 v1.11 sample graphics configuration
)
Package graphics Info: Driver file: pdftex.def on input line 107.

(C:\Users\Fredi Mino\Documents\software-installs\miktex\tex/latex/graphics-def\
pdftex.def
File: pdftex.def 2022/09/22 v1.2b Graphics/color driver for pdftex
))
\Gin@req@height=\dimen158
\Gin@req@width=\dimen159
)
(C:\Users\Fredi Mino\Documents\software-installs\miktex\tex/latex/pdflscape\pdf
lscape.sty
Package: pdflscape 2022-10-27 v0.13 Display of landscape pages in PDF

(C:\Users\Fredi Mino\Documents\software-installs\miktex\tex/latex/pdflscape\pdf
lscape-nometadata.sty
Package: pdflscape-nometadata 2022-10-28 v0.13 Display of landscape pages in PD
F (HO)

(C:\Users\Fredi Mino\Documents\software-installs\miktex\tex/latex/graphics\lsca
pe.sty
Package: lscape 2020/05/28 v3.02 Landscape Pages (DPC)
)
Package pdflscape Info: Auto-detected driver: pdftex on input line 81.
))
(C:\Users\Fredi Mino\Documents\software-installs\miktex\tex/latex/l3backend\l3b
ackend-pdftex.def
File: l3backend-pdftex.def 2023-01-16 L3 backend support: PDF output (pdfTeX)
\l__color_backend_stack_int=\count274
\l__pdf_internal_box=\box53
) (main.aux)
\openout1 = `main.aux'.

LaTeX Font Info:    Checking defaults for OML/cmm/m/it on input line 12.
LaTeX Font Info:    ... okay on input line 12.
LaTeX Font Info:    Checking defaults for OMS/cmsy/m/n on input line 12.
LaTeX Font Info:    ... okay on input line 12.
LaTeX Font Info:    Checking defaults for OT1/cmr/m/n on input line 12.
LaTeX Font Info:    ... okay on input line 12.
LaTeX Font Info:    Checking defaults for T1/cmr/m/n on input line 12.
LaTeX Font Info:    ... okay on input line 12.
LaTeX Font Info:    Checking defaults for TS1/cmr/m/n on input line 12.
LaTeX Font Info:    ... okay on input line 12.
LaTeX Font Info:    Checking defaults for OMX/cmex/m/n on input line 12.
LaTeX Font Info:    ... okay on input line 12.
LaTeX Font Info:    Checking defaults for U/cmr/m/n on input line 12.
LaTeX Font Info:    ... okay on input line 12.

*geometry* driver: auto-detecting
*geometry* detected driver: pdftex
*geometry* verbose mode - [ preamble ] result:
* driver: pdftex
* paper: letterpaper
* layout: <same size as paper>
* layoutoffset:(h,v)=(0.0pt,0.0pt)
* modes: 
* h-part:(L,W,R)=(18.06749pt, 578.16002pt, 18.06749pt)
* v-part:(T,H,B)=(18.06749pt, 758.835pt, 18.06749pt)
* \paperwidth=614.295pt
* \paperheight=794.96999pt
* \textwidth=578.16002pt
* \textheight=758.835pt
* \oddsidemargin=-54.2025pt
* \evensidemargin=-54.2025pt
* \topmargin=-89.2025pt
* \headheight=10.0pt
* \headsep=25.0pt
* \topskip=12.0pt
* \footskip=30.0pt
* \marginparwidth=44.0pt
* \marginparsep=10.0pt
* \columnsep=10.0pt
* \skip\footins=10.8pt plus 4.0pt minus 2.0pt
* \hoffset=0.0pt
* \voffset=0.0pt
* \mag=1000
* \@twocolumnfalse
* \@twosidefalse
* \@mparswitchfalse
* \@reversemarginfalse
* (1in=72.27pt=25.4mm, 1cm=28.453pt)


(C:\Users\Fredi Mino\Documents\software-installs\miktex\tex/context/base/mkii\s
upp-pdf.mkii
[Loading MPS to PDF converter (version 2006.09.02).]
\scratchcounter=\count275
\scratchdimen=\dimen160
\scratchbox=\box54
\nofMPsegments=\count276
\nofMParguments=\count277
\everyMPshowfont=\toks25
\MPscratchCnt=\count278
\MPscratchDim=\dimen161
\MPnumerator=\count279
\makeMPintoPDFobject=\count280
\everyMPtoPDFconversion=\toks26
)
(C:\Users\Fredi Mino\Documents\software-installs\miktex\tex/latex/epstopdf-pkg\
epstopdf-base.sty
Package: epstopdf-base 2020-01-24 v2.11 Base part for package epstopdf
Package epstopdf-base Info: Redefining graphics rule for `.eps' on input line 4
85.

(C:\Users\Fredi Mino\Documents\software-installs\miktex\tex/latex/00miktex\epst
opdf-sys.cfg
File: epstopdf-sys.cfg 2021/03/18 v2.0 Configuration of epstopdf for MiKTeX
))
<t1-rmse-reg.png, id=1, 448.5558pt x 209.1012pt>
File: t1-rmse-reg.png Graphic file (type png)
<use t1-rmse-reg.png>
Package pdftex.def Info: t1-rmse-reg.png  used on input line 15.
(pdftex.def)             Requested size: 505.89pt x 235.83809pt.
 [1{C:/Users/Fredi Mino/AppData/Local/MiKTeX/fonts/map/pdftex/pdftex.map} <./t1
-rmse-reg.png (PNG copy)>]
<t1-rmse-xnorm.png, id=7, 419.8887pt x 341.8371pt>
File: t1-rmse-xnorm.png Graphic file (type png)
<use t1-rmse-xnorm.png>
Package pdftex.def Info: t1-rmse-xnorm.png  used on input line 20.
(pdftex.def)             Requested size: 505.89pt x 411.86113pt.
<t1-bar-xnorm.png, id=8, 419.166pt x 332.2011pt>
File: t1-bar-xnorm.png Graphic file (type png)
<use t1-bar-xnorm.png>
Package pdftex.def Info: t1-bar-xnorm.png  used on input line 23.
(pdftex.def)             Requested size: 505.89pt x 400.94061pt.
<t1-spaghetti-xnorm.png, id=9, 420.1296pt x 341.8371pt>
File: t1-spaghetti-xnorm.png Graphic file (type png)
<use t1-spaghetti-xnorm.png>
Package pdftex.def Info: t1-spaghetti-xnorm.png  used on input line 26.
(pdftex.def)             Requested size: 505.89pt x 411.61598pt.
<t1-rmse-dnorm.png, id=10, 420.1296pt x 341.8371pt>
File: t1-rmse-dnorm.png Graphic file (type png)
<use t1-rmse-dnorm.png>
Package pdftex.def Info: t1-rmse-dnorm.png  used on input line 30.
(pdftex.def)             Requested size: 505.89pt x 411.61598pt.
<t1-bar-dnorm.png, id=11, 419.166pt x 332.2011pt>
File: t1-bar-dnorm.png Graphic file (type png)
<use t1-bar-dnorm.png>
Package pdftex.def Info: t1-bar-dnorm.png  used on input line 33.
(pdftex.def)             Requested size: 505.89pt x 400.94061pt.
<t1-spaghetti-dnorm.png, id=12, 420.1296pt x 341.8371pt>
File: t1-spaghetti-dnorm.png Graphic file (type png)
<use t1-spaghetti-dnorm.png>
Package pdftex.def Info: t1-spaghetti-dnorm.png  used on input line 36.
(pdftex.def)             Requested size: 505.89pt x 411.61598pt.
<t1-rmse-fnorm.png, id=13, 419.8887pt x 341.8371pt>
File: t1-rmse-fnorm.png Graphic file (type png)
<use t1-rmse-fnorm.png>
Package pdftex.def Info: t1-rmse-fnorm.png  used on input line 40.
(pdftex.def)             Requested size: 505.89pt x 411.86113pt.
<t1-bar-fnorm.png, id=14, 419.166pt x 332.2011pt>
File: t1-bar-fnorm.png Graphic file (type png)
<use t1-bar-fnorm.png>
Package pdftex.def Info: t1-bar-fnorm.png  used on input line 43.
(pdftex.def)             Requested size: 505.89pt x 400.94061pt.
<t1-spaghetti-fnorm.png, id=15, 420.1296pt x 341.8371pt>
File: t1-spaghetti-fnorm.png Graphic file (type png)
<use t1-spaghetti-fnorm.png>
Package pdftex.def Info: t1-spaghetti-fnorm.png  used on input line 46.
(pdftex.def)             Requested size: 505.89pt x 411.61598pt.
 [2 <./t1-rmse-xnorm.png (PNG copy)>]
[3 <./t1-bar-xnorm.png (PNG copy)>] [4 <./t1-spaghetti-xnorm.png (PNG copy)>]
[5 <./t1-rmse-dnorm.png (PNG copy)>] [6 <./t1-bar-dnorm.png (PNG copy)>]
[7 <./t1-spaghetti-dnorm.png (PNG copy)>] [8 <./t1-rmse-fnorm.png (PNG copy)>]
[9 <./t1-bar-fnorm.png (PNG copy)>] [10 <./t1-spaghetti-fnorm.png (PNG copy)>]
<t2-kf-out.png, id=44, 460.3599pt x 354.8457pt>
File: t2-kf-out.png Graphic file (type png)
<use t2-kf-out.png>
Package pdftex.def Info: t2-kf-out.png  used on input line 51.
(pdftex.def)             Requested size: 505.89pt x 389.95244pt.

[11 <./t2-kf-out.png (PNG copy)>]
<t2-rmse-reg.png, id=48, 448.5558pt x 209.1012pt>
File: t2-rmse-reg.png Graphic file (type png)
<use t2-rmse-reg.png>
Package pdftex.def Info: t2-rmse-reg.png  used on input line 55.
(pdftex.def)             Requested size: 505.89pt x 235.83809pt.
 [12 <./t2-rmse-reg.png (PNG copy)>]
<t2-rmse-xnorm.png, id=52, 419.8887pt x 341.8371pt>
File: t2-rmse-xnorm.png Graphic file (type png)
<use t2-rmse-xnorm.png>
Package pdftex.def Info: t2-rmse-xnorm.png  used on input line 60.
(pdftex.def)             Requested size: 505.89pt x 411.86113pt.
<t2-bar-xnorm.png, id=53, 419.166pt x 332.2011pt>
File: t2-bar-xnorm.png Graphic file (type png)
<use t2-bar-xnorm.png>
Package pdftex.def Info: t2-bar-xnorm.png  used on input line 63.
(pdftex.def)             Requested size: 505.89pt x 400.94061pt.
<t2-spaghetti-xnorm.png, id=54, 420.1296pt x 341.8371pt>
File: t2-spaghetti-xnorm.png Graphic file (type png)
<use t2-spaghetti-xnorm.png>
Package pdftex.def Info: t2-spaghetti-xnorm.png  used on input line 66.
(pdftex.def)             Requested size: 505.89pt x 411.61598pt.
<t2-rmse-dnorm.png, id=55, 420.1296pt x 341.8371pt>
File: t2-rmse-dnorm.png Graphic file (type png)
<use t2-rmse-dnorm.png>
Package pdftex.def Info: t2-rmse-dnorm.png  used on input line 70.
(pdftex.def)             Requested size: 505.89pt x 411.61598pt.
<t2-bar-dnorm.png, id=56, 419.166pt x 332.2011pt>
File: t2-bar-dnorm.png Graphic file (type png)
<use t2-bar-dnorm.png>
Package pdftex.def Info: t2-bar-dnorm.png  used on input line 73.
(pdftex.def)             Requested size: 505.89pt x 400.94061pt.
<t2-spaghetti-dnorm.png, id=57, 420.1296pt x 341.8371pt>
File: t2-spaghetti-dnorm.png Graphic file (type png)
<use t2-spaghetti-dnorm.png>
Package pdftex.def Info: t2-spaghetti-dnorm.png  used on input line 76.
(pdftex.def)             Requested size: 505.89pt x 411.61598pt.
<t2-rmse-fnorm.png, id=58, 419.8887pt x 341.8371pt>
File: t2-rmse-fnorm.png Graphic file (type png)
<use t2-rmse-fnorm.png>
Package pdftex.def Info: t2-rmse-fnorm.png  used on input line 80.
(pdftex.def)             Requested size: 505.89pt x 411.86113pt.
<t2-bar-fnorm.png, id=59, 419.166pt x 332.2011pt>
File: t2-bar-fnorm.png Graphic file (type png)
<use t2-bar-fnorm.png>
Package pdftex.def Info: t2-bar-fnorm.png  used on input line 83.
(pdftex.def)             Requested size: 505.89pt x 400.94061pt.
<t2-spaghetti-fnorm.png, id=60, 420.1296pt x 341.8371pt>
File: t2-spaghetti-fnorm.png Graphic file (type png)
<use t2-spaghetti-fnorm.png>
Package pdftex.def Info: t2-spaghetti-fnorm.png  used on input line 86.
(pdftex.def)             Requested size: 505.89pt x 411.61598pt.
 [13 <./t2-rmse-xnorm.png (PNG copy)>] [14 <./t2-bar-xnorm.png (PNG copy)>] [15
 <./t2-spaghetti-xnorm.png (PNG copy)>] [16 <./t2-rmse-dnorm.png (PNG copy)>] [
17 <./t2-bar-dnorm.png (PNG copy)>] [18 <./t2-spaghetti-dnorm.png (PNG copy)>] 
[19 <./t2-rmse-fnorm.png (PNG copy)>] [20 <./t2-bar-fnorm.png (PNG copy)>] [21 
<./t2-spaghetti-fnorm.png (PNG copy)>]
<t3-kf-out.png, id=90, 460.3599pt x 354.8457pt>
File: t3-kf-out.png Graphic file (type png)
<use t3-kf-out.png>
Package pdftex.def Info: t3-kf-out.png  used on input line 91.
(pdftex.def)             Requested size: 505.89pt x 389.95244pt.
 [22 <./t3-kf-out.png (PNG copy)>]
<t3-rmse-reg.png, id=94, 448.5558pt x 209.1012pt>
File: t3-rmse-reg.png Graphic file (type png)
<use t3-rmse-reg.png>
Package pdftex.def Info: t3-rmse-reg.png  used on input line 95.
(pdftex.def)             Requested size: 505.89pt x 235.83809pt.
 [23 <./t3-rmse-reg.png (PNG copy)>]
<t3-rmse-xnorm.png, id=98, 419.8887pt x 341.8371pt>
File: t3-rmse-xnorm.png Graphic file (type png)
<use t3-rmse-xnorm.png>
Package pdftex.def Info: t3-rmse-xnorm.png  used on input line 100.
(pdftex.def)             Requested size: 505.89pt x 411.86113pt.
<t3-bar-xnorm.png, id=99, 419.166pt x 332.2011pt>
File: t3-bar-xnorm.png Graphic file (type png)
<use t3-bar-xnorm.png>
Package pdftex.def Info: t3-bar-xnorm.png  used on input line 103.
(pdftex.def)             Requested size: 505.89pt x 400.94061pt.
<t3-spaghetti-xnorm.png, id=100, 420.1296pt x 341.8371pt>
File: t3-spaghetti-xnorm.png Graphic file (type png)
<use t3-spaghetti-xnorm.png>
Package pdftex.def Info: t3-spaghetti-xnorm.png  used on input line 106.
(pdftex.def)             Requested size: 505.89pt x 411.61598pt.
<t3-rmse-dnorm.png, id=101, 420.1296pt x 341.8371pt>
File: t3-rmse-dnorm.png Graphic file (type png)
<use t3-rmse-dnorm.png>
Package pdftex.def Info: t3-rmse-dnorm.png  used on input line 110.
(pdftex.def)             Requested size: 505.89pt x 411.61598pt.
<t3-bar-dnorm.png, id=102, 419.166pt x 332.2011pt>
File: t3-bar-dnorm.png Graphic file (type png)
<use t3-bar-dnorm.png>
Package pdftex.def Info: t3-bar-dnorm.png  used on input line 113.
(pdftex.def)             Requested size: 505.89pt x 400.94061pt.
<t3-spaghetti-dnorm.png, id=103, 420.1296pt x 341.8371pt>
File: t3-spaghetti-dnorm.png Graphic file (type png)
<use t3-spaghetti-dnorm.png>
Package pdftex.def Info: t3-spaghetti-dnorm.png  used on input line 116.
(pdftex.def)             Requested size: 505.89pt x 411.61598pt.
<t3-rmse-fnorm.png, id=104, 419.8887pt x 341.8371pt>
File: t3-rmse-fnorm.png Graphic file (type png)
<use t3-rmse-fnorm.png>
Package pdftex.def Info: t3-rmse-fnorm.png  used on input line 120.
(pdftex.def)             Requested size: 505.89pt x 411.86113pt.
<t3-bar-fnorm.png, id=105, 419.166pt x 332.2011pt>
File: t3-bar-fnorm.png Graphic file (type png)
<use t3-bar-fnorm.png>
Package pdftex.def Info: t3-bar-fnorm.png  used on input line 123.
(pdftex.def)             Requested size: 505.89pt x 400.94061pt.
<t3-spaghetti-fnorm.png, id=106, 420.1296pt x 341.8371pt>
File: t3-spaghetti-fnorm.png Graphic file (type png)
<use t3-spaghetti-fnorm.png>
Package pdftex.def Info: t3-spaghetti-fnorm.png  used on input line 126.
(pdftex.def)             Requested size: 505.89pt x 411.61598pt.
 [24 <./t3-rmse-xnorm.png (PNG copy)>] [25 <./t3-bar-xnorm.png (PNG copy)>] [26
 <./t3-spaghetti-xnorm.png (PNG copy)>] [27 <./t3-rmse-dnorm.png (PNG copy)>] [
28 <./t3-bar-dnorm.png (PNG copy)>] [29 <./t3-spaghetti-dnorm.png (PNG copy)>] 
[30 <./t3-rmse-fnorm.png (PNG copy)>] [31 <./t3-bar-fnorm.png (PNG copy)>] [32 
<./t3-spaghetti-fnorm.png (PNG copy)>] (main.aux) ) 
Here is how much of TeX's memory you used:
 3403 strings out of 476339
 55584 string characters out of 5783379
 1851340 words of memory out of 5000000
 23792 multiletter control sequences out of 15000+600000
 512585 words of font info for 33 fonts, out of 8000000 for 9000
 1141 hyphenation exceptions out of 8191
 66i,6n,64p,222b,257s stack positions out of 10000i,1000n,20000p,200000b,200000s
<C:/Users/Fredi Mino/Documen
ts/software-installs/miktex/fonts/type1/public/amsfonts/cm/cmr12.pfb>
Output written on main.pdf (32 pages, 4779807 bytes).
PDF statistics:
 142 PDF objects out of 1000 (max. 8388607)
 0 named destinations out of 1000 (max. 500000)
 161 words of extra memory for PDF output out of 10000 (max. 10000000)

